<?xml version="1.0" encoding="UTF-8"?>
<!-- Generated by org.testng.reporters.JUnitXMLReporter -->
<testsuite ignored="0" hostname="DESKTOP-005K2MF" failures="0" tests="3" name="Default test" time="8.548" errors="0" timestamp="14 Apr 2021 13:29:04 GMT">
  <testcase classname="RestApIBasic.LoginAuthentication" name="loginAuthentication" time="4.937"/>
  <testcase classname="RestApIBasic.LoginAuthentication" name="loginAuthentication" time="1.745"/>
  <testcase classname="RestApIBasic.LoginAuthentication" name="loginAuthentication" time="1.816"/>
</testsuite> <!-- Default test -->
