<?xml version="1.0" encoding="UTF-8"?>
<testng-results ignored="0" total="3" passed="3" failed="0" skipped="0">
  <reporter-output>
  </reporter-output>
  <suite started-at="2021-04-14T13:28:56Z" name="Default suite" finished-at="2021-04-14T13:29:04Z" duration-ms="8548">
    <groups>
    </groups>
    <test started-at="2021-04-14T13:28:56Z" name="Default test" finished-at="2021-04-14T13:29:04Z" duration-ms="8548">
      <class name="RestApIBasic.LoginAuthentication">
        <test-method signature="loginAuthentication(java.lang.String, java.lang.String)[pri:0, instance:RestApIBasic.LoginAuthentication@59e32960]" started-at="2021-04-14T13:28:56Z" name="loginAuthentication" data-provider="credData" finished-at="2021-04-14T13:29:01Z" duration-ms="4937" status="PASS">
          <params>
            <param index="0">
              <value>
                <![CDATA[jckdoe46@gmail.com]]>
              </value>
            </param>
            <param index="1">
              <value>
                <![CDATA[Password@123]]>
              </value>
            </param>
          </params>
          <reporter-output>
          </reporter-output>
        </test-method> <!-- loginAuthentication -->
        <test-method signature="loginAuthentication(java.lang.String, java.lang.String)[pri:0, instance:RestApIBasic.LoginAuthentication@59e32960]" started-at="2021-04-14T13:29:01Z" name="loginAuthentication" data-provider="credData" finished-at="2021-04-14T13:29:03Z" duration-ms="1745" status="PASS">
          <params>
            <param index="0">
              <value>
                <![CDATA[kkinikar@tgen.org]]>
              </value>
            </param>
            <param index="1">
              <value>
                <![CDATA[Password@123]]>
              </value>
            </param>
          </params>
          <reporter-output>
          </reporter-output>
        </test-method> <!-- loginAuthentication -->
        <test-method signature="loginAuthentication(java.lang.String, java.lang.String)[pri:0, instance:RestApIBasic.LoginAuthentication@59e32960]" started-at="2021-04-14T13:29:03Z" name="loginAuthentication" data-provider="credData" finished-at="2021-04-14T13:29:04Z" duration-ms="1816" status="PASS">
          <params>
            <param index="0">
              <value>
                <![CDATA[kpl.kini@gmail.com]]>
              </value>
            </param>
            <param index="1">
              <value>
                <![CDATA[Password@123]]>
              </value>
            </param>
          </params>
          <reporter-output>
          </reporter-output>
        </test-method> <!-- loginAuthentication -->
      </class> <!-- RestApIBasic.LoginAuthentication -->
    </test> <!-- Default test -->
  </suite> <!-- Default suite -->
</testng-results>
